#
# A fatal error has been detected by the Java Runtime Environment:
#
#  SIGSEGV (0xb) at pc=0x00007fff8c98f256, pid=41661, tid=4103
#
# JRE version: Java(TM) SE Runtime Environment (7.0_67-b01) (build 1.7.0_67-b01)
# Java VM: Java HotSpot(TM) 64-Bit Server VM (24.65-b04 mixed mode bsd-amd64 compressed oops)
# Problematic frame:
# C  [libobjc.A.dylib+0x6256]  objc_msgSend+0x16
#
# Failed to write core dump. Core dumps have been disabled. To enable core dumping, try "ulimit -c unlimited" before starting Java again
#
# If you would like to submit a bug report, please visit:
#   http://bugreport.sun.com/bugreport/crash.jsp
# The crash happened outside the Java Virtual Machine in native code.
# See problematic frame for where to report the bug.
#

---------------  T H R E A D  ---------------

Current thread (0x00007fdd330da000):  JavaThread "AppKit Thread" daemon [_thread_in_native, id=4103, stack(0x00007fff51e04000,0x00007fff52604000)]

siginfo:si_signo=SIGSEGV: si_errno=0, si_code=0 (SEGV0), si_addr=0x0000000000000000

Registers:
RAX=0x000000008e742527, RBX=0x00007fdd31a28a20, RCX=0x00007fdd310120f8, RDX=0x00000000a1a1a1a1
RSP=0x00007fff525fe7c0, RBP=0x00007fff525fe7f0, RSI=0x00007fff8e742527, RDI=0x00007fdd31a28a20
R8 =0x00007fdd31a362b0, R9 =0x00000000d871c21a, R10=0x31a28a0c00007fdd, R11=0x00007fdd31a28a0c
R12=0x00007fdd31855550, R13=0x00007fdd30c6b550, R14=0x00007fdd31a64800, R15=0x0000000000000000
RIP=0x00007fff8c98f256, EFLAGS=0x0000000000010246, ERR=0x0000000000000000
  TRAPNO=0x000000000000000d

Top of Stack: (sp=0x00007fff525fe7c0)
0x00007fff525fe7c0:   d6053d046140ea14 000000015ef25f4e
0x00007fff525fe7d0:   00007fdd31855550 000000015ef59cb8
0x00007fff525fe7e0:   00007fdd30c6b550 00007fdd31a64100
0x00007fff525fe7f0:   00007fff525fed30 00007fff8df09ae3
0x00007fff525fe800:   0000000000000000 0000000000000000
0x00007fff525fe810:   4089000000000000 407e000000000000
0x00007fff525fe820:   0000000000000000 0000000000000000
0x00007fff525fe830:   4089000000000000 407e000000000000
0x00007fff525fe840:   402c000000000000 4030000000000000
0x00007fff525fe850:   001c000000000000 407e300000000000
0x00007fff525fe860:   00007fff8e70893e 0030000000000001
0x00007fff525fe870:   0000000000000000 0000000000000000
0x00007fff525fe880:   00007fdd30c4f110 407f600000000000
0x00007fff525fe890:   00007fdd31856950 00007fff525fea10
0x00007fff525fe8a0:   00007fdd31855550 00007fff00000000
0x00007fff525fe8b0:   401c000000000000 407e300000000000
0x00007fff525fe8c0:   00007fff525fea00 00007fff8df19038
0x00007fff525fe8d0:   401c000000000000 407e300000000000
0x00007fff525fe8e0:   402c000000000000 4030000000000000
0x00007fff525fe8f0:   00007fff525fe9d0 00007fff910ffe6d
0x00007fff525fe900:   00007fdd31856950 00007fdd31856950
0x00007fff525fe910:   4089000000000000 407f600000000000
0x00007fff525fe920:   401c000000000000 407e300000000000
0x00007fff525fe930:   402c000000000000 4030000000000000
0x00007fff525fe940:   0000000000000000 0000000000000000
0x00007fff525fe950:   401c000000000000 407e300000000000
0x00007fff525fe960:   402c000000000000 4030000000000000
0x00007fff525fe970:   0000000000000000 0000000000000000
0x00007fff525fe980:   0000000000000000 0000000000000000
0x00007fff525fe990:   0000000000000000 0000000000000000
0x00007fff525fe9a0:   4089000000000000 0000000000000000
0x00007fff525fe9b0:   00007fdd31a359c0 0000000000000000 

Instructions: (pc=0x00007fff8c98f256)
0x00007fff8c98f236:   90 90 90 90 90 90 90 90 90 90 48 85 ff 74 2b 40
0x00007fff8c98f246:   f6 c7 01 2e 75 3b 4c 8b 1f 50 4d 8b 53 10 89 f0
0x00007fff8c98f256:   41 23 02 4d 8b 5c c2 10 ff c0 4d 85 db 74 36 49
0x00007fff8c98f266:   3b 33 75 ec 58 41 ff 63 10 90 48 8b 3d 19 ce c2 

Register to memory mapping:

RAX=0x000000008e742527 is an unknown value
RBX=0x00007fdd31a28a20 is an unknown value
RCX=0x00007fdd310120f8 is an unknown value
RDX=0x00000000a1a1a1a1 is an unknown value
RSP=0x00007fff525fe7c0 is pointing into the stack for thread: 0x00007fdd330da000
RBP=0x00007fff525fe7f0 is pointing into the stack for thread: 0x00007fdd330da000
RSI=0x00007fff8e742527: NSAppKitVersionNumber+0x4f947 in /System/Library/Frameworks/AppKit.framework/Versions/C/AppKit at 0x00007fff8dd76000
RDI=0x00007fdd31a28a20 is an unknown value
R8 =0x00007fdd31a362b0 is an unknown value
R9 =0x00000000d871c21a is an unknown value
R10=0x31a28a0c00007fdd is an unknown value
R11=0x00007fdd31a28a0c is an unknown value
R12=0x00007fdd31855550 is an unknown value
R13=0x00007fdd30c6b550 is an unknown value
R14=0x00007fdd31a64800 is an unknown value
R15=0x0000000000000000 is an unknown value


Stack: [0x00007fff51e04000,0x00007fff52604000],  sp=0x00007fff525fe7c0,  free space=8169k
Native frames: (J=compiled Java code, j=interpreted, Vv=VM code, C=native code)
C  [libobjc.A.dylib+0x6256]  objc_msgSend+0x16
C  [AppKit+0x193ae3]  -[NSView _recursiveDisplayRectIfNeededIgnoringOpacity:isVisibleRect:rectIsVisibleRectForView:topView:]+0x722
C  [AppKit+0x194a44]  -[NSView _recursiveDisplayRectIfNeededIgnoringOpacity:isVisibleRect:rectIsVisibleRectForView:topView:]+0x1683
C  [AppKit+0x193143]  -[NSThemeFrame _recursiveDisplayRectIfNeededIgnoringOpacity:isVisibleRect:rectIsVisibleRectForView:topView:]+0x13a
C  [AppKit+0x18ed6d]  -[NSView _displayRectIgnoringOpacity:isVisibleRect:rectIsVisibleRectForView:]+0x1243
C  [AppKit+0x158c93]  -[NSView displayIfNeeded]+0x726
C  [AppKit+0x1581cc]  _handleWindowNeedsDisplayOrLayoutOrUpdateConstraints+0x2e2
C  [Foundation+0x74443]  __NSFireTimer+0x60
C  [CoreFoundation+0x50804]  __CFRUNLOOP_IS_CALLING_OUT_TO_A_TIMER_CALLBACK_FUNCTION__+0x14
C  [CoreFoundation+0x5031d]  __CFRunLoopDoTimer+0x22d
C  [CoreFoundation+0x35ad9]  __CFRunLoopRun+0x5f9
C  [CoreFoundation+0x350e2]  CFRunLoopRunSpecific+0x122
C  [HIToolbox+0x5feb4]  RunCurrentEventLoopInMode+0xd1
C  [HIToolbox+0x5fc52]  ReceiveNextEventCommon+0x164
C  [HIToolbox+0x5fae3]  BlockUntilNextEventMatchingListInMode+0x3e
C  [AppKit+0x155533]  _DPSNextEvent+0x2ad
C  [AppKit+0x154df2]  -[NSApplication nextEventMatchingMask:untilDate:inMode:dequeue:]+0x80
C  [libosxapp.dylib+0x24e3]  -[NSApplicationAWT nextEventMatchingMask:untilDate:inMode:dequeue:]+0x7c
C  [AppKit+0x14c1a3]  -[NSApplication run]+0x205
C  [libosxapp.dylib+0x2346]  +[NSApplicationAWT runAWTLoopWithApp:]+0x9c
C  [liblwawt.dylib+0xd889]  -[AWTStarter starter:]+0x369
C  [Foundation+0x9359a]  __NSThreadPerformPerform+0xe1
C  [CoreFoundation+0x12b31]  __CFRUNLOOP_IS_CALLING_OUT_TO_A_SOURCE0_PERFORM_FUNCTION__+0x11
C  [CoreFoundation+0x12455]  __CFRunLoopDoSources0+0xf5
C  [CoreFoundation+0x357f5]  __CFRunLoopRun+0x315
C  [CoreFoundation+0x350e2]  CFRunLoopRunSpecific+0x122
C  [java+0x73b0]  CreateExecutionEnvironment+0x367
C  [java+0x1b5c]  JLI_Launch+0x7a0
C  [java+0x770d]  main+0x65
C  [java+0x13b4]  start+0x34


---------------  P R O C E S S  ---------------

Java Threads: ( => current thread )
  0x00007fdd31017000 JavaThread "DestroyJavaVM" [_thread_blocked, id=6659, stack(0x000000010e189000,0x000000010e289000)]
  0x00007fdd310c0800 JavaThread "LWJGL Application" [_thread_in_native, id=53763, stack(0x000000015f259000,0x000000015f359000)]
  0x00007fdd330b8000 JavaThread "AWT-Shutdown" [_thread_blocked, id=28931, stack(0x000000015c565000,0x000000015c665000)]
=>0x00007fdd330da000 JavaThread "AppKit Thread" daemon [_thread_in_native, id=4103, stack(0x00007fff51e04000,0x00007fff52604000)]
  0x00007fdd3200d000 JavaThread "Service Thread" daemon [_thread_blocked, id=23043, stack(0x000000015ad3b000,0x000000015ae3b000)]
  0x00007fdd3200c800 JavaThread "C2 CompilerThread1" daemon [_thread_blocked, id=22531, stack(0x000000015ac38000,0x000000015ad38000)]
  0x00007fdd3200a800 JavaThread "C2 CompilerThread0" daemon [_thread_blocked, id=22019, stack(0x000000015ab35000,0x000000015ac35000)]
  0x00007fdd32001000 JavaThread "Signal Dispatcher" daemon [_thread_blocked, id=21507, stack(0x000000015aa32000,0x000000015ab32000)]
  0x00007fdd31063000 JavaThread "Finalizer" daemon [_thread_blocked, id=17155, stack(0x000000015a7e3000,0x000000015a8e3000)]
  0x00007fdd31062000 JavaThread "Reference Handler" daemon [_thread_blocked, id=16643, stack(0x000000015a6e0000,0x000000015a7e0000)]

Other Threads:
  0x00007fdd3105f800 VMThread [stack: 0x000000015a5dd000,0x000000015a6dd000] [id=16131]
  0x00007fdd32006000 WatcherThread [stack: 0x000000015ae3e000,0x000000015af3e000] [id=23555]

VM state:not at safepoint (normal execution)

VM Mutex/Monitor currently owned by a thread: None

Heap
 PSYoungGen      total 19456K, used 10591K [0x0000000141180000, 0x0000000142700000, 0x0000000156700000)
  eden space 16896K, 62% used [0x0000000141180000,0x0000000141bd7dd8,0x0000000142200000)
  from space 2560K, 0% used [0x0000000142480000,0x0000000142480000,0x0000000142700000)
  to   space 2560K, 0% used [0x0000000142200000,0x0000000142200000,0x0000000142480000)
 ParOldGen       total 43520K, used 0K [0x0000000116700000, 0x0000000119180000, 0x0000000141180000)
  object space 43520K, 0% used [0x0000000116700000,0x0000000116700000,0x0000000119180000)
 PSPermGen       total 21504K, used 6418K [0x0000000111500000, 0x0000000112a00000, 0x0000000116700000)
  object space 21504K, 29% used [0x0000000111500000,0x0000000111b449f8,0x0000000112a00000)

Card table byte_map: [0x0000000156700000,0x000000015692a000] byte_map_base: 0x0000000155e75800

Polling page: 0x000000010e2c8000

Code Cache  [0x000000010e35e000, 0x000000010e5ce000, 0x000000011135e000)
 total_blobs=380 nmethods=37 adapters=298 free_code_cache=48636Kb largest_free_block=49787456

Compilation events (10 events):
Event: 1.246 Thread 0x00007fdd3200a800 nmethod 30 0x000000010e3dcad0 code [0x000000010e3dcc00, 0x000000010e3dcc78]
Event: 1.246 Thread 0x00007fdd3200a800   33             org.lwjgl.Sys::getTimerResolution (9 bytes)
Event: 1.246 Thread 0x00007fdd3200c800 nmethod 32 0x000000010e3dc8d0 code [0x000000010e3dca00, 0x000000010e3dca78]
Event: 1.246 Thread 0x00007fdd3200c800   34             org.lwjgl.DefaultSysImplementation::getTimerResolution (4 bytes)
Event: 1.246 Thread 0x00007fdd3200a800 nmethod 33 0x000000010e3c4b50 code [0x000000010e3c4c80, 0x000000010e3c4cb8]
Event: 1.247 Thread 0x00007fdd3200c800 nmethod 34 0x000000010e3dc610 code [0x000000010e3dc740, 0x000000010e3dc798]
Event: 1.262 Thread 0x00007fdd3200a800   35             org.lwjgl.opengl.Sync$RunningAvg::add (38 bytes)
Event: 1.263 Thread 0x00007fdd3200a800 nmethod 35 0x000000010e3e09d0 code [0x000000010e3e0b20, 0x000000010e3e0c18]
Event: 1.269 Thread 0x00007fdd3200c800   37   !         org.lwjgl.opengl.Sync::sync (125 bytes)
Event: 1.282 Thread 0x00007fdd3200c800 nmethod 37 0x000000010e3ddf90 code [0x000000010e3de180, 0x000000010e3dead0]

GC Heap History (0 events):
No events

Deoptimization events (0 events):
No events

Internal exceptions (10 events):
Event: 0.652 Thread 0x00007fdd310c0800 Threw 0x0000000141b3e5f0 at /HUDSON/workspace/7u-2-build-macosx-x86_64/jdk7u67/1368/hotspot/src/share/vm/prims/jvm.cpp:1244
Event: 0.656 Thread 0x00007fdd310c0800 Threw 0x0000000141b554c0 at /HUDSON/workspace/7u-2-build-macosx-x86_64/jdk7u67/1368/hotspot/src/share/vm/prims/jvm.cpp:1244
Event: 0.677 Thread 0x00007fdd310c0800 Threw 0x0000000141b69e10 at /HUDSON/workspace/7u-2-build-macosx-x86_64/jdk7u67/1368/hotspot/src/share/vm/prims/jvm.cpp:1244
Event: 0.678 Thread 0x00007fdd310c0800 Threw 0x0000000141b6fc48 at /HUDSON/workspace/7u-2-build-macosx-x86_64/jdk7u67/1368/hotspot/src/share/vm/prims/jvm.cpp:1244
Event: 1.770 Thread 0x00007fdd310c0800 Threw 0x0000000141b7e720 at /HUDSON/workspace/7u-2-build-macosx-x86_64/jdk7u67/1368/hotspot/src/share/vm/prims/jvm.cpp:1244
Event: 1.771 Thread 0x00007fdd310c0800 Threw 0x0000000141b840a0 at /HUDSON/workspace/7u-2-build-macosx-x86_64/jdk7u67/1368/hotspot/src/share/vm/prims/jvm.cpp:1244
Event: 2.955 Thread 0x00007fdd310c0800 Threw 0x0000000141ba9db8 at /HUDSON/workspace/7u-2-build-macosx-x86_64/jdk7u67/1368/hotspot/src/share/vm/prims/jvm.cpp:1244
Event: 2.956 Thread 0x00007fdd310c0800 Threw 0x0000000141baf568 at /HUDSON/workspace/7u-2-build-macosx-x86_64/jdk7u67/1368/hotspot/src/share/vm/prims/jvm.cpp:1244
Event: 2.957 Thread 0x00007fdd310c0800 Threw 0x0000000141bb4e20 at /HUDSON/workspace/7u-2-build-macosx-x86_64/jdk7u67/1368/hotspot/src/share/vm/prims/jvm.cpp:1244
Event: 2.965 Thread 0x00007fdd310c0800 Threw 0x0000000141bbaf08 at /HUDSON/workspace/7u-2-build-macosx-x86_64/jdk7u67/1368/hotspot/src/share/vm/prims/jvm.cpp:1244

Events (10 events):
Event: 2.955 loading class 0x00007fdd31813130
Event: 2.955 loading class 0x00007fdd31813130 done
Event: 2.956 loading class 0x00007fdd31811b20
Event: 2.956 loading class 0x00007fdd31811b20 done
Event: 2.957 loading class 0x00007fdd31811bd0
Event: 2.957 loading class 0x00007fdd31811bd0 done
Event: 2.957 loading class 0x0000000159394200
Event: 2.957 loading class 0x0000000159394200 done
Event: 2.965 loading class 0x00007fdd30c84e90
Event: 2.965 loading class 0x00007fdd30c84e90 done


Dynamic libraries:
0x0000000008c6a000 	/System/Library/Frameworks/Cocoa.framework/Versions/A/Cocoa
0x0000000008c6a000 	/System/Library/Frameworks/Security.framework/Versions/A/Security
0x0000000008c6a000 	/System/Library/Frameworks/ApplicationServices.framework/Versions/A/ApplicationServices
0x0000000008c6a000 	/usr/lib/libz.1.dylib
0x0000000008c6a000 	/usr/lib/libSystem.B.dylib
0x0000000008c6a000 	/usr/lib/libobjc.A.dylib
0x0000000008c6a000 	/System/Library/Frameworks/CoreFoundation.framework/Versions/A/CoreFoundation
0x0000000008c6a000 	/System/Library/Frameworks/Foundation.framework/Versions/C/Foundation
0x0000000008c6a000 	/System/Library/Frameworks/AppKit.framework/Versions/C/AppKit
0x0000000008c6a000 	/System/Library/Frameworks/CoreData.framework/Versions/A/CoreData
0x0000000008c6a000 	/System/Library/PrivateFrameworks/RemoteViewServices.framework/Versions/A/RemoteViewServices
0x0000000008c6a000 	/System/Library/Frameworks/AudioToolbox.framework/Versions/A/AudioToolbox
0x0000000008c6a000 	/System/Library/Frameworks/AudioUnit.framework/Versions/A/AudioUnit
0x0000000008c6a000 	/System/Library/PrivateFrameworks/DataDetectorsCore.framework/Versions/A/DataDetectorsCore
0x0000000008c6a000 	/System/Library/PrivateFrameworks/DesktopServicesPriv.framework/Versions/A/DesktopServicesPriv
0x0000000008c6a000 	/System/Library/Frameworks/Carbon.framework/Versions/A/Frameworks/HIToolbox.framework/Versions/A/HIToolbox
0x0000000008c6a000 	/System/Library/Frameworks/QuartzCore.framework/Versions/A/QuartzCore
0x0000000008c6a000 	/System/Library/Frameworks/Carbon.framework/Versions/A/Frameworks/SpeechRecognition.framework/Versions/A/SpeechRecognition
0x0000000008c6a000 	/usr/lib/libauto.dylib
0x0000000008c6a000 	/usr/lib/libicucore.A.dylib
0x0000000008c6a000 	/usr/lib/libxml2.2.dylib
0x0000000008c6a000 	/System/Library/PrivateFrameworks/CoreUI.framework/Versions/A/CoreUI
0x0000000008c6a000 	/System/Library/Frameworks/CoreAudio.framework/Versions/A/CoreAudio
0x0000000008c6a000 	/System/Library/Frameworks/DiskArbitration.framework/Versions/A/DiskArbitration
0x0000000008c6a000 	/usr/lib/liblangid.dylib
0x0000000008c6a000 	/System/Library/PrivateFrameworks/MultitouchSupport.framework/Versions/A/MultitouchSupport
0x0000000008c6a000 	/System/Library/Frameworks/IOKit.framework/Versions/A/IOKit
0x0000000008c6a000 	/usr/lib/libDiagnosticMessagesClient.dylib
0x0000000008c6a000 	/System/Library/Frameworks/CoreServices.framework/Versions/A/CoreServices
0x0000000008c6a000 	/System/Library/PrivateFrameworks/PerformanceAnalysis.framework/Versions/A/PerformanceAnalysis
0x0000000008c6a000 	/System/Library/PrivateFrameworks/GenerationalStorage.framework/Versions/A/GenerationalStorage
0x0000000008c6a000 	/System/Library/Frameworks/OpenGL.framework/Versions/A/OpenGL
0x0000000008c6a000 	/System/Library/Frameworks/CoreText.framework/Versions/A/CoreText
0x0000000008c6a000 	/System/Library/Frameworks/ImageIO.framework/Versions/A/ImageIO
0x0000000008c6a000 	/System/Library/PrivateFrameworks/Backup.framework/Versions/A/Backup
0x0000000008c6a000 	/System/Library/Frameworks/CFNetwork.framework/Versions/A/CFNetwork
0x0000000008c6a000 	/System/Library/Frameworks/SystemConfiguration.framework/Versions/A/SystemConfiguration
0x0000000008c6a000 	/usr/lib/libCRFSuite.dylib
0x0000000008c6a000 	/System/Library/PrivateFrameworks/TCC.framework/Versions/A/TCC
0x0000000008c6a000 	/usr/lib/libc++.1.dylib
0x0000000008c6a000 	/usr/lib/libc++abi.dylib
0x0000000008c6a000 	/usr/lib/system/libcache.dylib
0x0000000008c6a000 	/usr/lib/system/libcommonCrypto.dylib
0x0000000008c6a000 	/usr/lib/system/libcompiler_rt.dylib
0x0000000008c6a000 	/usr/lib/system/libcopyfile.dylib
0x0000000008c6a000 	/usr/lib/system/libdispatch.dylib
0x0000000008c6a000 	/usr/lib/system/libdnsinfo.dylib
0x0000000008c6a000 	/usr/lib/system/libdyld.dylib
0x0000000008c6a000 	/usr/lib/system/libkeymgr.dylib
0x0000000008c6a000 	/usr/lib/system/liblaunch.dylib
0x0000000008c6a000 	/usr/lib/system/libmacho.dylib
0x0000000008c6a000 	/usr/lib/system/libquarantine.dylib
0x0000000008c6a000 	/usr/lib/system/libremovefile.dylib
0x0000000008c6a000 	/usr/lib/system/libsystem_blocks.dylib
0x0000000008c6a000 	/usr/lib/system/libsystem_c.dylib
0x0000000008c6a000 	/usr/lib/system/libsystem_dnssd.dylib
0x0000000008c6a000 	/usr/lib/system/libsystem_info.dylib
0x0000000008c6a000 	/usr/lib/system/libsystem_kernel.dylib
0x0000000008c6a000 	/usr/lib/system/libsystem_m.dylib
0x0000000008c6a000 	/usr/lib/system/libsystem_network.dylib
0x0000000008c6a000 	/usr/lib/system/libsystem_notify.dylib
0x0000000008c6a000 	/usr/lib/system/libsystem_sandbox.dylib
0x0000000008c6a000 	/usr/lib/system/libunc.dylib
0x0000000008c6a000 	/usr/lib/system/libunwind.dylib
0x0000000008c6a000 	/usr/lib/system/libxpc.dylib
0x0000000008c6a000 	/usr/lib/system/libcorecrypto.dylib
0x0000000008c6a000 	/usr/lib/libstdc++.6.dylib
0x0000000008c6a000 	/usr/lib/libbsm.0.dylib
0x0000000008c6a000 	/usr/lib/libsqlite3.dylib
0x0000000008c6a000 	/usr/lib/libxar.1.dylib
0x0000000008c6a000 	/usr/lib/libpam.2.dylib
0x0000000008c6a000 	/usr/lib/libOpenScriptingUtil.dylib
0x0000000008c6a000 	/usr/lib/libbz2.1.0.dylib
0x0000000008c6a000 	/System/Library/Frameworks/CoreServices.framework/Versions/A/Frameworks/CarbonCore.framework/Versions/A/CarbonCore
0x0000000008c6a000 	/System/Library/Frameworks/CoreServices.framework/Versions/A/Frameworks/Metadata.framework/Versions/A/Metadata
0x0000000008c6a000 	/System/Library/Frameworks/CoreServices.framework/Versions/A/Frameworks/OSServices.framework/Versions/A/OSServices
0x0000000008c6a000 	/System/Library/Frameworks/CoreServices.framework/Versions/A/Frameworks/SearchKit.framework/Versions/A/SearchKit
0x0000000008c6a000 	/System/Library/Frameworks/CoreServices.framework/Versions/A/Frameworks/AE.framework/Versions/A/AE
0x0000000008c6a000 	/System/Library/Frameworks/CoreServices.framework/Versions/A/Frameworks/LaunchServices.framework/Versions/A/LaunchServices
0x0000000008c6a000 	/System/Library/Frameworks/CoreServices.framework/Versions/A/Frameworks/DictionaryServices.framework/Versions/A/DictionaryServices
0x0000000008c6a000 	/System/Library/Frameworks/NetFS.framework/Versions/A/NetFS
0x0000000008c6a000 	/usr/lib/system/libkxld.dylib
0x0000000008c6a000 	/System/Library/PrivateFrameworks/NetAuth.framework/Versions/A/NetAuth
0x0000000008c6a000 	/System/Library/Frameworks/OpenDirectory.framework/Versions/A/Frameworks/CFOpenDirectory.framework/Versions/A/CFOpenDirectory
0x0000000008c6a000 	/usr/lib/libxslt.1.dylib
0x0000000008c6a000 	/System/Library/PrivateFrameworks/FamilyControls.framework/Versions/A/FamilyControls
0x0000000008c6a000 	/System/Library/Frameworks/Carbon.framework/Versions/A/Frameworks/Ink.framework/Versions/A/Ink
0x0000000008c6a000 	/System/Library/Frameworks/ApplicationServices.framework/Versions/A/Frameworks/CoreGraphics.framework/Versions/A/CoreGraphics
0x0000000008c6a000 	/System/Library/Frameworks/ApplicationServices.framework/Versions/A/Frameworks/ATS.framework/Versions/A/ATS
0x0000000008c6a000 	/System/Library/Frameworks/ApplicationServices.framework/Versions/A/Frameworks/ColorSync.framework/Versions/A/ColorSync
0x0000000008c6a000 	/System/Library/Frameworks/ApplicationServices.framework/Versions/A/Frameworks/HIServices.framework/Versions/A/HIServices
0x0000000008c6a000 	/System/Library/Frameworks/ApplicationServices.framework/Versions/A/Frameworks/LangAnalysis.framework/Versions/A/LangAnalysis
0x0000000008c6a000 	/System/Library/Frameworks/ApplicationServices.framework/Versions/A/Frameworks/PrintCore.framework/Versions/A/PrintCore
0x0000000008c6a000 	/System/Library/Frameworks/ApplicationServices.framework/Versions/A/Frameworks/QD.framework/Versions/A/QD
0x0000000008c6a000 	/System/Library/Frameworks/ApplicationServices.framework/Versions/A/Frameworks/SpeechSynthesis.framework/Versions/A/SpeechSynthesis
0x0000000008c6a000 	/System/Library/Frameworks/IOSurface.framework/Versions/A/IOSurface
0x0000000008c6a000 	/System/Library/Frameworks/Accelerate.framework/Versions/A/Accelerate
0x0000000008c6a000 	/System/Library/Frameworks/ApplicationServices.framework/Versions/A/Frameworks/ATS.framework/Versions/A/Resources/libFontParser.dylib
0x0000000008c6a000 	/System/Library/Frameworks/ApplicationServices.framework/Versions/A/Frameworks/ATS.framework/Versions/A/Resources/libFontRegistry.dylib
0x0000000008c6a000 	/System/Library/Frameworks/Accelerate.framework/Versions/A/Frameworks/vImage.framework/Versions/A/vImage
0x0000000008c6a000 	/System/Library/Frameworks/Accelerate.framework/Versions/A/Frameworks/vecLib.framework/Versions/A/vecLib
0x0000000008c6a000 	/System/Library/Frameworks/Accelerate.framework/Versions/A/Frameworks/vecLib.framework/Versions/A/libvDSP.dylib
0x0000000008c6a000 	/System/Library/Frameworks/Accelerate.framework/Versions/A/Frameworks/vecLib.framework/Versions/A/libvMisc.dylib
0x0000000008c6a000 	/System/Library/Frameworks/Accelerate.framework/Versions/A/Frameworks/vecLib.framework/Versions/A/libLAPACK.dylib
0x0000000008c6a000 	/System/Library/Frameworks/Accelerate.framework/Versions/A/Frameworks/vecLib.framework/Versions/A/libBLAS.dylib
0x0000000008c6a000 	/System/Library/Frameworks/ImageIO.framework/Versions/A/Resources/libJPEG.dylib
0x0000000008c6a000 	/System/Library/Frameworks/ImageIO.framework/Versions/A/Resources/libTIFF.dylib
0x0000000008c6a000 	/System/Library/Frameworks/ImageIO.framework/Versions/A/Resources/libPng.dylib
0x0000000008c6a000 	/System/Library/Frameworks/ImageIO.framework/Versions/A/Resources/libGIF.dylib
0x0000000008c6a000 	/System/Library/Frameworks/ImageIO.framework/Versions/A/Resources/libJP2.dylib
0x0000000008c6a000 	/System/Library/Frameworks/ImageIO.framework/Versions/A/Resources/libRadiance.dylib
0x0000000008c6a000 	/usr/lib/libcups.2.dylib
0x0000000008c6a000 	/System/Library/Frameworks/Kerberos.framework/Versions/A/Kerberos
0x0000000008c6a000 	/System/Library/Frameworks/GSS.framework/Versions/A/GSS
0x0000000008c6a000 	/usr/lib/libresolv.9.dylib
0x0000000008c6a000 	/usr/lib/libiconv.2.dylib
0x0000000008c6a000 	/System/Library/PrivateFrameworks/Heimdal.framework/Versions/A/Heimdal
0x0000000008c6a000 	/System/Library/PrivateFrameworks/TrustEvaluationAgent.framework/Versions/A/TrustEvaluationAgent
0x0000000008c6a000 	/System/Library/Frameworks/OpenDirectory.framework/Versions/A/OpenDirectory
0x0000000008c6a000 	/System/Library/PrivateFrameworks/CommonAuth.framework/Versions/A/CommonAuth
0x0000000008c6a000 	/System/Library/PrivateFrameworks/Bom.framework/Versions/A/Bom
0x0000000008c6a000 	/System/Library/Frameworks/CoreVideo.framework/Versions/A/CoreVideo
0x0000000008c6a000 	/System/Library/Frameworks/QuartzCore.framework/Versions/A/Frameworks/CoreImage.framework/Versions/A/CoreImage
0x0000000008c6a000 	/System/Library/Frameworks/QuartzCore.framework/Versions/A/Frameworks/ScalableUserInterface.framework/Versions/A/ScalableUserInterface
0x0000000008c6a000 	/System/Library/Frameworks/OpenGL.framework/Versions/A/Libraries/libGLU.dylib
0x0000000008c6a000 	/System/Library/Frameworks/OpenGL.framework/Versions/A/Libraries/libGFXShared.dylib
0x0000000008c6a000 	/System/Library/Frameworks/OpenGL.framework/Versions/A/Libraries/libGL.dylib
0x0000000008c6a000 	/System/Library/Frameworks/OpenGL.framework/Versions/A/Libraries/libGLImage.dylib
0x0000000008c6a000 	/System/Library/Frameworks/OpenGL.framework/Versions/A/Libraries/libCVMSPluginSupport.dylib
0x0000000008c6a000 	/System/Library/Frameworks/OpenGL.framework/Versions/A/Libraries/libCoreVMClient.dylib
0x0000000008c6a000 	/System/Library/PrivateFrameworks/CrashReporterSupport.framework/Versions/A/CrashReporterSupport
0x0000000008c6a000 	/System/Library/Frameworks/OpenCL.framework/Versions/A/OpenCL
0x0000000008c6a000 	/System/Library/PrivateFrameworks/FaceCoreLight.framework/Versions/A/FaceCoreLight
0x0000000008c6a000 	/System/Library/PrivateFrameworks/AppleFSCompression.framework/Versions/A/AppleFSCompression
0x0000000008c6a000 	/System/Library/PrivateFrameworks/Ubiquity.framework/Versions/A/Ubiquity
0x0000000008c6a000 	/System/Library/Frameworks/ServiceManagement.framework/Versions/A/ServiceManagement
0x0000000008c6a000 	/System/Library/PrivateFrameworks/ChunkingLibrary.framework/Versions/A/ChunkingLibrary
0x0000000008c6a000 	/System/Library/Frameworks/vecLib.framework/Versions/A/vecLib
0x0000000008c6a000 	/System/Library/Frameworks/SecurityFoundation.framework/Versions/A/SecurityFoundation
0x0000000008c6a000 	/System/Library/PrivateFrameworks/CommerceKit.framework/Versions/A/Frameworks/CommerceCore.framework/Versions/A/CommerceCore
0x0000000008c6a000 	/System/Library/PrivateFrameworks/CoreSymbolication.framework/Versions/A/CoreSymbolication
0x0000000008c6a000 	/System/Library/PrivateFrameworks/Symbolication.framework/Versions/A/Symbolication
0x0000000008c6a000 	/System/Library/PrivateFrameworks/DebugSymbols.framework/Versions/A/DebugSymbols
0x000000010d729000 	/Library/Java/JavaVirtualMachines/jdk1.7.0_67.jdk/Contents/Home/jre/lib/server/libjvm.dylib
0x000000010e28b000 	/Library/Java/JavaVirtualMachines/jdk1.7.0_67.jdk/Contents/Home/jre/lib/libverify.dylib
0x000000010e298000 	/Library/Java/JavaVirtualMachines/jdk1.7.0_67.jdk/Contents/Home/jre/lib/libjava.dylib
0x000000010e355000 	/Library/Java/JavaVirtualMachines/jdk1.7.0_67.jdk/Contents/Home/jre/lib/libzip.dylib
0x000000015a8e5000 	/System/Library/Frameworks/JavaVM.framework/Frameworks/JavaRuntimeSupport.framework/JavaRuntimeSupport
0x000000015a8fd000 	/System/Library/Frameworks/JavaVM.framework/Versions/A/Frameworks/JavaNativeFoundation.framework/Versions/A/JavaNativeFoundation
0x000000015a912000 	/System/Library/Frameworks/JavaVM.framework/Versions/A/JavaVM
0x0000000008c6a000 	/System/Library/Frameworks/Carbon.framework/Versions/A/Carbon
0x000000015a91f000 	/System/Library/PrivateFrameworks/JavaLaunching.framework/Versions/A/JavaLaunching
0x0000000008c6a000 	/System/Library/Frameworks/Carbon.framework/Versions/A/Frameworks/CommonPanels.framework/Versions/A/CommonPanels
0x0000000008c6a000 	/System/Library/Frameworks/Carbon.framework/Versions/A/Frameworks/Help.framework/Versions/A/Help
0x0000000008c6a000 	/System/Library/Frameworks/Carbon.framework/Versions/A/Frameworks/ImageCapture.framework/Versions/A/ImageCapture
0x0000000008c6a000 	/System/Library/Frameworks/Carbon.framework/Versions/A/Frameworks/OpenScripting.framework/Versions/A/OpenScripting
0x0000000008c6a000 	/System/Library/Frameworks/Carbon.framework/Versions/A/Frameworks/Print.framework/Versions/A/Print
0x0000000008c6a000 	/System/Library/Frameworks/Carbon.framework/Versions/A/Frameworks/SecurityHI.framework/Versions/A/SecurityHI
0x000000015afe1000 	/private/var/folders/xq/krgh0py14w13qdgfqf19s0jm0000gn/T/libgdxseanbroomfield/e4139f10/libgdx64.dylib
0x000000015b089000 	/Library/Java/JavaVirtualMachines/jdk1.7.0_67.jdk/Contents/Home/jre/lib/libawt.dylib
0x000000015b138000 	/Library/Java/JavaVirtualMachines/jdk1.7.0_67.jdk/Contents/Home/jre/lib/./libmlib_image.dylib
0x000000015b204000 	/Library/Java/JavaVirtualMachines/jdk1.7.0_67.jdk/Contents/Home/jre/lib/lwawt/liblwawt.dylib
0x000000015b2b8000 	/Library/Java/JavaVirtualMachines/jdk1.7.0_67.jdk/Contents/Home/jre/lib/libosxapp.dylib
0x000000015b2d4000 	/System/Library/Frameworks/ExceptionHandling.framework/Versions/A/ExceptionHandling
0x0000000008c6a000 	/System/Library/PrivateFrameworks/CoreServicesInternal.framework/Versions/A/CoreServicesInternal
0x0000000008c6a000 	/System/Library/PrivateFrameworks/Librarian.framework/Versions/A/Librarian
0x0000000008c6a000 	/System/Library/Frameworks/ApplicationServices.framework/Versions/A/Frameworks/CoreGraphics.framework/Versions/A/Resources/libCSync.A.dylib
0x0000000008c6a000 	/System/Library/Frameworks/ApplicationServices.framework/Versions/A/Frameworks/CoreGraphics.framework/Versions/A/Resources/libRIP.A.dylib
0x0000000008c6a000 	/System/Library/Frameworks/ApplicationServices.framework/Versions/A/Frameworks/CoreGraphics.framework/Versions/A/Resources/libCGXType.A.dylib
0x000000015eeb5000 	/Library/Java/JavaVirtualMachines/jdk1.7.0_67.jdk/Contents/Home/jre/lib/libfontmanager.dylib
0x000000015ef1c000 	/private/var/folders/xq/krgh0py14w13qdgfqf19s0jm0000gn/T/libgdxseanbroomfield/45614fc1/liblwjgl.dylib
0x000000015c899000 	/Library/Java/JavaVirtualMachines/jdk1.7.0_67.jdk/Contents/Home/jre/lib/libjawt.dylib
0x000000015ef9b000 	/var/folders/xq/krgh0py14w13qdgfqf19s0jm0000gn/T/libgdxseanbroomfield/45614fc1/openal.dylib
0x00000000eeff7000 	/System/Library/Components/CoreAudio.component/Contents/MacOS/CoreAudio
0x000000015c8c5000 	/System/Library/Extensions/AppleHDA.kext/Contents/PlugIns/AppleHDAHALPlugIn.bundle/Contents/MacOS/AppleHDAHALPlugIn
0x000000015f35b000 	/System/Library/Frameworks/OpenGL.framework/Resources/GLEngine.bundle/GLEngine
0x000000015f550000 	/System/Library/Frameworks/OpenGL.framework/Versions/A/Libraries/libGLProgrammability.dylib
0x000000015f6f8000 	/System/Library/Extensions/AppleIntelHD3000GraphicsGLDriver.bundle/Contents/MacOS/AppleIntelHD3000GraphicsGLDriver
0x000000015d636000 	/System/Library/PrivateFrameworks/GPUSupport.framework/Versions/A/Libraries/libGPUSupport.dylib
0x000000015fbb2000 	/System/Library/Frameworks/OpenGL.framework/Resources//GLRendererFloat.bundle/GLRendererFloat
0x000000015d64a000 	/System/Library/Frameworks/OpenCL.framework/Versions/A/Libraries/libcldcpuengine.dylib
0x0000000008c6a000 	/System/Library/PrivateFrameworks/DiskImages.framework/Versions/A/DiskImages
0x0000000008c6a000 	/System/Library/Frameworks/DiscRecording.framework/Versions/A/DiscRecording
0x0000000008c6a000 	/usr/lib/libcurl.4.dylib
0x0000000008c6a000 	/System/Library/PrivateFrameworks/MediaKit.framework/Versions/A/MediaKit
0x0000000008c6a000 	/usr/lib/libssl.0.9.8.dylib
0x0000000008c6a000 	/usr/lib/libcrypto.0.9.8.dylib
0x0000000008c6a000 	/System/Library/Frameworks/LDAP.framework/Versions/A/LDAP
0x0000000008c6a000 	/usr/lib/libsasl2.2.dylib
0x00000001600e5000 	cl_kernels
0x00000001600e7000 	/System/Library/Frameworks/OpenCL.framework/Versions/A/Libraries/ImageFormats/unorm8_bgra.dylib
0x00000001600d9000 	cl_kernels

VM Arguments:
jvm_args: -Dfile.encoding=UTF-8 
java_command: edu.munoz.lab3.desktop.LaunchIntro
Launcher Type: SUN_STANDARD

Environment Variables:
PATH=/usr/bin:/bin:/usr/sbin:/sbin
SHELL=/bin/bash

Signal Handlers:
SIGSEGV: [libjvm.dylib+0x52b6c9], sa_mask[0]=0xfffefeff, sa_flags=0x00000043
SIGBUS: [libjvm.dylib+0x52b6c9], sa_mask[0]=0xfffefeff, sa_flags=0x00000042
SIGFPE: [libjvm.dylib+0x41deaa], sa_mask[0]=0xfffefeff, sa_flags=0x00000042
SIGPIPE: [libjvm.dylib+0x41deaa], sa_mask[0]=0xfffefeff, sa_flags=0x00000042
SIGXFSZ: [libjvm.dylib+0x41deaa], sa_mask[0]=0xfffefeff, sa_flags=0x00000042
SIGILL: [libjvm.dylib+0x41deaa], sa_mask[0]=0xfffefeff, sa_flags=0x00000042
SIGUSR1: SIG_DFL, sa_mask[0]=0x00000000, sa_flags=0x00000002
SIGUSR2: [libjvm.dylib+0x41d99c], sa_mask[0]=0x00000004, sa_flags=0x00000042
SIGHUP: [libjvm.dylib+0x41bc2d], sa_mask[0]=0xfffefeff, sa_flags=0x00000042
SIGINT: [libjvm.dylib+0x41bc2d], sa_mask[0]=0xfffefeff, sa_flags=0x00000042
SIGTERM: [libjvm.dylib+0x41bc2d], sa_mask[0]=0xfffefeff, sa_flags=0x00000042
SIGQUIT: [libjvm.dylib+0x41bc2d], sa_mask[0]=0xfffefeff, sa_flags=0x00000042


---------------  S Y S T E M  ---------------

OS:Bsduname:Darwin 12.5.0 Darwin Kernel Version 12.5.0: Sun Sep 29 13:33:47 PDT 2013; root:xnu-2050.48.12~1/RELEASE_X86_64 x86_64
rlimit: STACK 8192k, CORE 0k, NPROC 709, NOFILE 10240, AS infinity
load average:2.27 1.31 1.23

CPU:total 4 (2 cores per cpu, 2 threads per core) family 6 model 42 stepping 7, cmov, cx8, fxsr, mmx, sse, sse2, sse3, ssse3, sse4.1, sse4.2, popcnt, avx, aes, ht, tsc, tscinvbit

Memory: 4k page, physical 4194304k(1048576k free)

/proc/meminfo:


vm_info: Java HotSpot(TM) 64-Bit Server VM (24.65-b04) for bsd-amd64 JRE (1.7.0_67-b01), built on Jul 25 2014 08:51:51 by "java_re" with gcc 4.2.1 (Based on Apple Inc. build 5658) (LLVM build 2336.11.00)

time: Tue Oct 21 14:59:05 2014
elapsed time: 3 seconds

