#
# A fatal error has been detected by the Java Runtime Environment:
#
#  SIGSEGV (0xb) at pc=0x00007fff8e14b250, pid=9392, tid=4103
#
# JRE version: Java(TM) SE Runtime Environment (7.0_67-b01) (build 1.7.0_67-b01)
# Java VM: Java HotSpot(TM) 64-Bit Server VM (24.65-b04 mixed mode bsd-amd64 compressed oops)
# Problematic frame:
# C  [libobjc.A.dylib+0x6250]  objc_msgSend+0x10
#
# Failed to write core dump. Core dumps have been disabled. To enable core dumping, try "ulimit -c unlimited" before starting Java again
#
# If you would like to submit a bug report, please visit:
#   http://bugreport.sun.com/bugreport/crash.jsp
# The crash happened outside the Java Virtual Machine in native code.
# See problematic frame for where to report the bug.
#

---------------  T H R E A D  ---------------

Current thread (0x00007fd28e00e000):  JavaThread "AppKit Thread" daemon [_thread_in_native, id=4103, stack(0x00007fff53514000,0x00007fff53d14000)]

siginfo:si_signo=SIGSEGV: si_errno=0, si_code=0 (SEGV0), si_addr=0x0000000000000000

Registers:
RAX=0x14b9b8b563f4ede5, RBX=0x00007fd28cc34d60, RCX=0x00007fd28c0120f8, RDX=0x00000000a1a1a1a1
RSP=0x00007fff53d0e7b0, RBP=0x00007fff53d0e7e0, RSI=0x00007fff8fefe527, RDI=0x00007fd28cc34d60
R8 =0x00007fd28c8757e0, R9 =0x00000000dbc83711, R10=0x0000000000000000, R11=0xf00007fd28cc2b2f
R12=0x00007fd28bc6f170, R13=0x00007fd28cc2b760, R14=0x00007fd28bca3a00, R15=0x0000000000000000
RIP=0x00007fff8e14b250, EFLAGS=0x0000000000010246, ERR=0x0000000000000000
  TRAPNO=0x000000000000000d

Top of Stack: (sp=0x00007fff53d0e7b0)
0x00007fff53d0e7b0:   14b9b8b563f4ede5 000000015d815f4e
0x00007fff53d0e7c0:   00007fd28bc6f170 000000015d849cb8
0x00007fff53d0e7d0:   00007fd28cc2b760 00007fd28bcc5900
0x00007fff53d0e7e0:   00007fff53d0ed20 00007fff8f6c5ae3
0x00007fff53d0e7f0:   0000000000000000 0000000000000000
0x00007fff53d0e800:   4089000000000000 407e000000000000
0x00007fff53d0e810:   0000000000000000 0000000000000000
0x00007fff53d0e820:   4089000000000000 407e000000000000
0x00007fff53d0e830:   402c000000000000 4030000000000000
0x00007fff53d0e840:   001c000000000000 407e300000000000
0x00007fff53d0e850:   00007fff8fec493e 0030000000000001
0x00007fff53d0e860:   0000000000000000 0000000000000000
0x00007fff53d0e870:   00007fd28c83a080 407f600000000000
0x00007fff53d0e880:   00007fd28bc70a20 00007fff53d0ea00
0x00007fff53d0e890:   00007fd28bc6f170 00007fff00000000
0x00007fff53d0e8a0:   401c000000000000 407e300000000000
0x00007fff53d0e8b0:   00007fff53d0e9f0 00007fff8f6d5038
0x00007fff53d0e8c0:   401c000000000000 407e300000000000
0x00007fff53d0e8d0:   402c000000000000 4030000000000000
0x00007fff53d0e8e0:   00007fff53d0e9c0 00007fff928bbe6d
0x00007fff53d0e8f0:   00007fd28bc70a20 00007fd28bc70a20
0x00007fff53d0e900:   4089000000000000 407f600000000000
0x00007fff53d0e910:   401c000000000000 407e300000000000
0x00007fff53d0e920:   402c000000000000 4030000000000000
0x00007fff53d0e930:   0000000000000000 0000000000000000
0x00007fff53d0e940:   401c000000000000 407e300000000000
0x00007fff53d0e950:   402c000000000000 4030000000000000
0x00007fff53d0e960:   0000000000000000 0000000000000000
0x00007fff53d0e970:   0000000000000000 0000000000000000
0x00007fff53d0e980:   0000000000000000 0000000000000000
0x00007fff53d0e990:   4089000000000000 0000000000000000
0x00007fff53d0e9a0:   00007fd28c859870 0000000000000000 

Instructions: (pc=0x00007fff8e14b250)
0x00007fff8e14b230:   90 90 90 90 90 90 90 90 90 90 90 90 90 90 90 90
0x00007fff8e14b240:   48 85 ff 74 2b 40 f6 c7 01 2e 75 3b 4c 8b 1f 50
0x00007fff8e14b250:   4d 8b 53 10 89 f0 41 23 02 4d 8b 5c c2 10 ff c0
0x00007fff8e14b260:   4d 85 db 74 36 49 3b 33 75 ec 58 41 ff 63 10 90 

Register to memory mapping:

RAX=0x14b9b8b563f4ede5 is an unknown value
RBX=0x00007fd28cc34d60 is an unknown value
RCX=0x00007fd28c0120f8 is an unknown value
RDX=0x00000000a1a1a1a1 is an unknown value
RSP=0x00007fff53d0e7b0 is pointing into the stack for thread: 0x00007fd28e00e000
RBP=0x00007fff53d0e7e0 is pointing into the stack for thread: 0x00007fd28e00e000
RSI=0x00007fff8fefe527: NSAppKitVersionNumber+0x4f947 in /System/Library/Frameworks/AppKit.framework/Versions/C/AppKit at 0x00007fff8f532000
RDI=0x00007fd28cc34d60 is an unknown value
R8 =0x00007fd28c8757e0 is an unknown value
R9 =0x00000000dbc83711 is an unknown value
R10=0x0000000000000000 is an unknown value
R11=0xf00007fd28cc2b2f is an unknown value
R12=0x00007fd28bc6f170 is an unknown value
R13=0x00007fd28cc2b760 is an unknown value
R14=0x00007fd28bca3a00 is an unknown value
R15=0x0000000000000000 is an unknown value


Stack: [0x00007fff53514000,0x00007fff53d14000],  sp=0x00007fff53d0e7b0,  free space=8169k
Native frames: (J=compiled Java code, j=interpreted, Vv=VM code, C=native code)
C  [libobjc.A.dylib+0x6250]  objc_msgSend+0x10
C  [AppKit+0x193ae3]  -[NSView _recursiveDisplayRectIfNeededIgnoringOpacity:isVisibleRect:rectIsVisibleRectForView:topView:]+0x722
C  [AppKit+0x194a44]  -[NSView _recursiveDisplayRectIfNeededIgnoringOpacity:isVisibleRect:rectIsVisibleRectForView:topView:]+0x1683
C  [AppKit+0x193143]  -[NSThemeFrame _recursiveDisplayRectIfNeededIgnoringOpacity:isVisibleRect:rectIsVisibleRectForView:topView:]+0x13a
C  [AppKit+0x18ed6d]  -[NSView _displayRectIgnoringOpacity:isVisibleRect:rectIsVisibleRectForView:]+0x1243
C  [AppKit+0x158c93]  -[NSView displayIfNeeded]+0x726
C  [AppKit+0x1581cc]  _handleWindowNeedsDisplayOrLayoutOrUpdateConstraints+0x2e2
C  [Foundation+0x74443]  __NSFireTimer+0x60
C  [CoreFoundation+0x50804]  __CFRUNLOOP_IS_CALLING_OUT_TO_A_TIMER_CALLBACK_FUNCTION__+0x14
C  [CoreFoundation+0x5031d]  __CFRunLoopDoTimer+0x22d
C  [CoreFoundation+0x35ad9]  __CFRunLoopRun+0x5f9
C  [CoreFoundation+0x350e2]  CFRunLoopRunSpecific+0x122
C  [HIToolbox+0x5feb4]  RunCurrentEventLoopInMode+0xd1
C  [HIToolbox+0x5fc52]  ReceiveNextEventCommon+0x164
C  [HIToolbox+0x5fae3]  BlockUntilNextEventMatchingListInMode+0x3e
C  [AppKit+0x155533]  _DPSNextEvent+0x2ad
C  [AppKit+0x154df2]  -[NSApplication nextEventMatchingMask:untilDate:inMode:dequeue:]+0x80
C  [libosxapp.dylib+0x24e3]  -[NSApplicationAWT nextEventMatchingMask:untilDate:inMode:dequeue:]+0x7c
C  [AppKit+0x14c1a3]  -[NSApplication run]+0x205
C  [libosxapp.dylib+0x2346]  +[NSApplicationAWT runAWTLoopWithApp:]+0x9c
C  [liblwawt.dylib+0xd889]  -[AWTStarter starter:]+0x369
C  [Foundation+0x9359a]  __NSThreadPerformPerform+0xe1
C  [CoreFoundation+0x12b31]  __CFRUNLOOP_IS_CALLING_OUT_TO_A_SOURCE0_PERFORM_FUNCTION__+0x11
C  [CoreFoundation+0x12455]  __CFRunLoopDoSources0+0xf5
C  [CoreFoundation+0x357f5]  __CFRunLoopRun+0x315
C  [CoreFoundation+0x350e2]  CFRunLoopRunSpecific+0x122
C  [java+0x73b0]  CreateExecutionEnvironment+0x367
C  [java+0x1b5c]  JLI_Launch+0x7a0
C  [java+0x770d]  main+0x65
C  [java+0x13b4]  start+0x34


---------------  P R O C E S S  ---------------

Java Threads: ( => current thread )
  0x00007fd28c0f4800 JavaThread "AWT-Shutdown" [_thread_blocked, id=55067, stack(0x0000000160684000,0x0000000160784000)]
  0x00007fd28d0fe000 JavaThread "DestroyJavaVM" [_thread_blocked, id=6659, stack(0x000000010ca79000,0x000000010cb79000)]
  0x00007fd28d0dc000 JavaThread "LWJGL Application" [_thread_in_native, id=53763, stack(0x000000015db49000,0x000000015dc49000)]
=>0x00007fd28e00e000 JavaThread "AppKit Thread" daemon [_thread_in_native, id=4103, stack(0x00007fff53514000,0x00007fff53d14000)]
  0x00007fd28d01e800 JavaThread "Service Thread" daemon [_thread_blocked, id=23043, stack(0x0000000159633000,0x0000000159733000)]
  0x00007fd28d01d800 JavaThread "C2 CompilerThread1" daemon [_thread_blocked, id=22531, stack(0x0000000159530000,0x0000000159630000)]
  0x00007fd28d01c000 JavaThread "C2 CompilerThread0" daemon [_thread_blocked, id=22019, stack(0x000000015942d000,0x000000015952d000)]
  0x00007fd28d024800 JavaThread "Signal Dispatcher" daemon [_thread_blocked, id=21507, stack(0x000000015932a000,0x000000015942a000)]
  0x00007fd28c056000 JavaThread "Finalizer" daemon [_thread_blocked, id=17155, stack(0x00000001590db000,0x00000001591db000)]
  0x00007fd28c055800 JavaThread "Reference Handler" daemon [_thread_blocked, id=16643, stack(0x0000000158fd8000,0x00000001590d8000)]

Other Threads:
  0x00007fd28c053000 VMThread [stack: 0x0000000158ed5000,0x0000000158fd5000] [id=16131]
  0x00007fd28d009000 WatcherThread [stack: 0x0000000159736000,0x0000000159836000] [id=23555]

VM state:not at safepoint (normal execution)

VM Mutex/Monitor currently owned by a thread: None

Heap
 PSYoungGen      total 19456K, used 14535K [0x000000013fa80000, 0x0000000141000000, 0x0000000155000000)
  eden space 16896K, 86% used [0x000000013fa80000,0x00000001408b1d78,0x0000000140b00000)
  from space 2560K, 0% used [0x0000000140d80000,0x0000000140d80000,0x0000000141000000)
  to   space 2560K, 0% used [0x0000000140b00000,0x0000000140b00000,0x0000000140d80000)
 ParOldGen       total 43520K, used 0K [0x0000000115000000, 0x0000000117a80000, 0x000000013fa80000)
  object space 43520K, 0% used [0x0000000115000000,0x0000000115000000,0x0000000117a80000)
 PSPermGen       total 21504K, used 6760K [0x000000010fe00000, 0x0000000111300000, 0x0000000115000000)
  object space 21504K, 31% used [0x000000010fe00000,0x000000011049a110,0x0000000111300000)

Card table byte_map: [0x0000000155000000,0x000000015522a000] byte_map_base: 0x0000000154781000

Polling page: 0x000000010cbb8000

Code Cache  [0x000000010cc4e000, 0x000000010cebe000, 0x000000010fc4e000)
 total_blobs=433 nmethods=81 adapters=307 free_code_cache=48568Kb largest_free_block=49708992

Compilation events (10 events):
Event: 5.914 Thread 0x00007fd28d01c000 nmethod 75 0x000000010cce1290 code [0x000000010cce13e0, 0x000000010cce1498]
Event: 5.915 Thread 0x00007fd28d01d800 nmethod 77 0x000000010cce0fd0 code [0x000000010cce1120, 0x000000010cce11d8]
Event: 6.883 Thread 0x00007fd28d01c000   78             java.util.ArrayList::access$100 (5 bytes)
Event: 6.884 Thread 0x00007fd28d01c000 nmethod 78 0x000000010cce0d10 code [0x000000010cce0e40, 0x000000010cce0e98]
Event: 7.066 Thread 0x00007fd28d01d800   79             com.badlogic.gdx.graphics.Mesh::getIndicesBuffer (10 bytes)
Event: 7.067 Thread 0x00007fd28d01d800 nmethod 79 0x000000010cce2a90 code [0x000000010cce2be0, 0x000000010cce2c78]
Event: 7.384 Thread 0x00007fd28d01d800   81             com.badlogic.gdx.graphics.g2d.Sprite::getY (5 bytes)
Event: 7.384 Thread 0x00007fd28d01c000   80             com.badlogic.gdx.graphics.g2d.Sprite::getX (5 bytes)
Event: 7.384 Thread 0x00007fd28d01d800 nmethod 81 0x000000010cce5e50 code [0x000000010cce5f80, 0x000000010cce5fd8]
Event: 7.384 Thread 0x00007fd28d01c000 nmethod 80 0x000000010ccd0510 code [0x000000010ccd0640, 0x000000010ccd0698]

GC Heap History (0 events):
No events

Deoptimization events (0 events):
No events

Internal exceptions (10 events):
Event: 0.917 Thread 0x00007fd28d0dc000 Threw 0x00000001407f3128 at /HUDSON/workspace/7u-2-build-macosx-x86_64/jdk7u67/1368/hotspot/src/share/vm/prims/jvm.cpp:1244
Event: 0.958 Thread 0x00007fd28d0dc000 Threw 0x00000001407f7a68 at /HUDSON/workspace/7u-2-build-macosx-x86_64/jdk7u67/1368/hotspot/src/share/vm/prims/jvm.cpp:1244
Event: 0.959 Thread 0x00007fd28d0dc000 Threw 0x000000014080d8c0 at /HUDSON/workspace/7u-2-build-macosx-x86_64/jdk7u67/1368/hotspot/src/share/vm/prims/jvm.cpp:1244
Event: 1.371 Thread 0x00007fd28d0dc000 Threw 0x0000000140814080 at /HUDSON/workspace/7u-2-build-macosx-x86_64/jdk7u67/1368/hotspot/src/share/vm/prims/jvm.cpp:1244
Event: 1.372 Thread 0x00007fd28d0dc000 Threw 0x0000000140819848 at /HUDSON/workspace/7u-2-build-macosx-x86_64/jdk7u67/1368/hotspot/src/share/vm/prims/jvm.cpp:1244
Event: 3.726 Thread 0x00007fd28d0dc000 Threw 0x0000000140820ee0 at /HUDSON/workspace/7u-2-build-macosx-x86_64/jdk7u67/1368/hotspot/src/share/vm/prims/jvm.cpp:1244
Event: 9.889 Thread 0x00007fd28d0dc000 Threw 0x000000014082cac8 at /HUDSON/workspace/7u-2-build-macosx-x86_64/jdk7u67/1368/hotspot/src/share/vm/prims/jvm.cpp:1244
Event: 9.890 Thread 0x00007fd28d0dc000 Threw 0x0000000140832278 at /HUDSON/workspace/7u-2-build-macosx-x86_64/jdk7u67/1368/hotspot/src/share/vm/prims/jvm.cpp:1244
Event: 9.891 Thread 0x00007fd28d0dc000 Threw 0x0000000140837b30 at /HUDSON/workspace/7u-2-build-macosx-x86_64/jdk7u67/1368/hotspot/src/share/vm/prims/jvm.cpp:1244
Event: 9.902 Thread 0x00007fd28d0dc000 Threw 0x000000014083da88 at /HUDSON/workspace/7u-2-build-macosx-x86_64/jdk7u67/1368/hotspot/src/share/vm/prims/jvm.cpp:1244

Events (10 events):
Event: 9.889 loading class 0x00007fd28c819da0
Event: 9.889 loading class 0x00007fd28c819da0 done
Event: 9.890 loading class 0x00007fd28c818790
Event: 9.890 loading class 0x00007fd28c818790 done
Event: 9.891 loading class 0x00007fd28c818840
Event: 9.891 loading class 0x00007fd28c818840 done
Event: 9.892 loading class 0x0000000157c6c200
Event: 9.892 loading class 0x0000000157c6c200 done
Event: 9.902 loading class 0x00007fd28cc2ff00
Event: 9.902 loading class 0x00007fd28cc2ff00 done


Dynamic libraries:
0x000000000a426000 	/System/Library/Frameworks/Cocoa.framework/Versions/A/Cocoa
0x000000000a426000 	/System/Library/Frameworks/Security.framework/Versions/A/Security
0x000000000a426000 	/System/Library/Frameworks/ApplicationServices.framework/Versions/A/ApplicationServices
0x000000000a426000 	/usr/lib/libz.1.dylib
0x000000000a426000 	/usr/lib/libSystem.B.dylib
0x000000000a426000 	/usr/lib/libobjc.A.dylib
0x000000000a426000 	/System/Library/Frameworks/CoreFoundation.framework/Versions/A/CoreFoundation
0x000000000a426000 	/System/Library/Frameworks/Foundation.framework/Versions/C/Foundation
0x000000000a426000 	/System/Library/Frameworks/AppKit.framework/Versions/C/AppKit
0x000000000a426000 	/System/Library/Frameworks/CoreData.framework/Versions/A/CoreData
0x000000000a426000 	/System/Library/PrivateFrameworks/RemoteViewServices.framework/Versions/A/RemoteViewServices
0x000000000a426000 	/System/Library/Frameworks/AudioToolbox.framework/Versions/A/AudioToolbox
0x000000000a426000 	/System/Library/Frameworks/AudioUnit.framework/Versions/A/AudioUnit
0x000000000a426000 	/System/Library/PrivateFrameworks/DataDetectorsCore.framework/Versions/A/DataDetectorsCore
0x000000000a426000 	/System/Library/PrivateFrameworks/DesktopServicesPriv.framework/Versions/A/DesktopServicesPriv
0x000000000a426000 	/System/Library/Frameworks/Carbon.framework/Versions/A/Frameworks/HIToolbox.framework/Versions/A/HIToolbox
0x000000000a426000 	/System/Library/Frameworks/QuartzCore.framework/Versions/A/QuartzCore
0x000000000a426000 	/System/Library/Frameworks/Carbon.framework/Versions/A/Frameworks/SpeechRecognition.framework/Versions/A/SpeechRecognition
0x000000000a426000 	/usr/lib/libauto.dylib
0x000000000a426000 	/usr/lib/libicucore.A.dylib
0x000000000a426000 	/usr/lib/libxml2.2.dylib
0x000000000a426000 	/System/Library/PrivateFrameworks/CoreUI.framework/Versions/A/CoreUI
0x000000000a426000 	/System/Library/Frameworks/CoreAudio.framework/Versions/A/CoreAudio
0x000000000a426000 	/System/Library/Frameworks/DiskArbitration.framework/Versions/A/DiskArbitration
0x000000000a426000 	/usr/lib/liblangid.dylib
0x000000000a426000 	/System/Library/PrivateFrameworks/MultitouchSupport.framework/Versions/A/MultitouchSupport
0x000000000a426000 	/System/Library/Frameworks/IOKit.framework/Versions/A/IOKit
0x000000000a426000 	/usr/lib/libDiagnosticMessagesClient.dylib
0x000000000a426000 	/System/Library/Frameworks/CoreServices.framework/Versions/A/CoreServices
0x000000000a426000 	/System/Library/PrivateFrameworks/PerformanceAnalysis.framework/Versions/A/PerformanceAnalysis
0x000000000a426000 	/System/Library/PrivateFrameworks/GenerationalStorage.framework/Versions/A/GenerationalStorage
0x000000000a426000 	/System/Library/Frameworks/OpenGL.framework/Versions/A/OpenGL
0x000000000a426000 	/System/Library/Frameworks/CoreText.framework/Versions/A/CoreText
0x000000000a426000 	/System/Library/Frameworks/ImageIO.framework/Versions/A/ImageIO
0x000000000a426000 	/System/Library/PrivateFrameworks/Backup.framework/Versions/A/Backup
0x000000000a426000 	/System/Library/Frameworks/CFNetwork.framework/Versions/A/CFNetwork
0x000000000a426000 	/System/Library/Frameworks/SystemConfiguration.framework/Versions/A/SystemConfiguration
0x000000000a426000 	/usr/lib/libCRFSuite.dylib
0x000000000a426000 	/System/Library/PrivateFrameworks/TCC.framework/Versions/A/TCC
0x000000000a426000 	/usr/lib/libc++.1.dylib
0x000000000a426000 	/usr/lib/libc++abi.dylib
0x000000000a426000 	/usr/lib/system/libcache.dylib
0x000000000a426000 	/usr/lib/system/libcommonCrypto.dylib
0x000000000a426000 	/usr/lib/system/libcompiler_rt.dylib
0x000000000a426000 	/usr/lib/system/libcopyfile.dylib
0x000000000a426000 	/usr/lib/system/libdispatch.dylib
0x000000000a426000 	/usr/lib/system/libdnsinfo.dylib
0x000000000a426000 	/usr/lib/system/libdyld.dylib
0x000000000a426000 	/usr/lib/system/libkeymgr.dylib
0x000000000a426000 	/usr/lib/system/liblaunch.dylib
0x000000000a426000 	/usr/lib/system/libmacho.dylib
0x000000000a426000 	/usr/lib/system/libquarantine.dylib
0x000000000a426000 	/usr/lib/system/libremovefile.dylib
0x000000000a426000 	/usr/lib/system/libsystem_blocks.dylib
0x000000000a426000 	/usr/lib/system/libsystem_c.dylib
0x000000000a426000 	/usr/lib/system/libsystem_dnssd.dylib
0x000000000a426000 	/usr/lib/system/libsystem_info.dylib
0x000000000a426000 	/usr/lib/system/libsystem_kernel.dylib
0x000000000a426000 	/usr/lib/system/libsystem_m.dylib
0x000000000a426000 	/usr/lib/system/libsystem_network.dylib
0x000000000a426000 	/usr/lib/system/libsystem_notify.dylib
0x000000000a426000 	/usr/lib/system/libsystem_sandbox.dylib
0x000000000a426000 	/usr/lib/system/libunc.dylib
0x000000000a426000 	/usr/lib/system/libunwind.dylib
0x000000000a426000 	/usr/lib/system/libxpc.dylib
0x000000000a426000 	/usr/lib/system/libcorecrypto.dylib
0x000000000a426000 	/usr/lib/libstdc++.6.dylib
0x000000000a426000 	/usr/lib/libbsm.0.dylib
0x000000000a426000 	/usr/lib/libsqlite3.dylib
0x000000000a426000 	/usr/lib/libxar.1.dylib
0x000000000a426000 	/usr/lib/libpam.2.dylib
0x000000000a426000 	/usr/lib/libOpenScriptingUtil.dylib
0x000000000a426000 	/usr/lib/libbz2.1.0.dylib
0x000000000a426000 	/System/Library/Frameworks/CoreServices.framework/Versions/A/Frameworks/CarbonCore.framework/Versions/A/CarbonCore
0x000000000a426000 	/System/Library/Frameworks/CoreServices.framework/Versions/A/Frameworks/Metadata.framework/Versions/A/Metadata
0x000000000a426000 	/System/Library/Frameworks/CoreServices.framework/Versions/A/Frameworks/OSServices.framework/Versions/A/OSServices
0x000000000a426000 	/System/Library/Frameworks/CoreServices.framework/Versions/A/Frameworks/SearchKit.framework/Versions/A/SearchKit
0x000000000a426000 	/System/Library/Frameworks/CoreServices.framework/Versions/A/Frameworks/AE.framework/Versions/A/AE
0x000000000a426000 	/System/Library/Frameworks/CoreServices.framework/Versions/A/Frameworks/LaunchServices.framework/Versions/A/LaunchServices
0x000000000a426000 	/System/Library/Frameworks/CoreServices.framework/Versions/A/Frameworks/DictionaryServices.framework/Versions/A/DictionaryServices
0x000000000a426000 	/System/Library/Frameworks/NetFS.framework/Versions/A/NetFS
0x000000000a426000 	/usr/lib/system/libkxld.dylib
0x000000000a426000 	/System/Library/PrivateFrameworks/NetAuth.framework/Versions/A/NetAuth
0x000000000a426000 	/System/Library/Frameworks/OpenDirectory.framework/Versions/A/Frameworks/CFOpenDirectory.framework/Versions/A/CFOpenDirectory
0x000000000a426000 	/usr/lib/libxslt.1.dylib
0x000000000a426000 	/System/Library/PrivateFrameworks/FamilyControls.framework/Versions/A/FamilyControls
0x000000000a426000 	/System/Library/Frameworks/Carbon.framework/Versions/A/Frameworks/Ink.framework/Versions/A/Ink
0x000000000a426000 	/System/Library/Frameworks/ApplicationServices.framework/Versions/A/Frameworks/CoreGraphics.framework/Versions/A/CoreGraphics
0x000000000a426000 	/System/Library/Frameworks/ApplicationServices.framework/Versions/A/Frameworks/ATS.framework/Versions/A/ATS
0x000000000a426000 	/System/Library/Frameworks/ApplicationServices.framework/Versions/A/Frameworks/ColorSync.framework/Versions/A/ColorSync
0x000000000a426000 	/System/Library/Frameworks/ApplicationServices.framework/Versions/A/Frameworks/HIServices.framework/Versions/A/HIServices
0x000000000a426000 	/System/Library/Frameworks/ApplicationServices.framework/Versions/A/Frameworks/LangAnalysis.framework/Versions/A/LangAnalysis
0x000000000a426000 	/System/Library/Frameworks/ApplicationServices.framework/Versions/A/Frameworks/PrintCore.framework/Versions/A/PrintCore
0x000000000a426000 	/System/Library/Frameworks/ApplicationServices.framework/Versions/A/Frameworks/QD.framework/Versions/A/QD
0x000000000a426000 	/System/Library/Frameworks/ApplicationServices.framework/Versions/A/Frameworks/SpeechSynthesis.framework/Versions/A/SpeechSynthesis
0x000000000a426000 	/System/Library/Frameworks/IOSurface.framework/Versions/A/IOSurface
0x000000000a426000 	/System/Library/Frameworks/Accelerate.framework/Versions/A/Accelerate
0x000000000a426000 	/System/Library/Frameworks/ApplicationServices.framework/Versions/A/Frameworks/ATS.framework/Versions/A/Resources/libFontParser.dylib
0x000000000a426000 	/System/Library/Frameworks/ApplicationServices.framework/Versions/A/Frameworks/ATS.framework/Versions/A/Resources/libFontRegistry.dylib
0x000000000a426000 	/System/Library/Frameworks/Accelerate.framework/Versions/A/Frameworks/vImage.framework/Versions/A/vImage
0x000000000a426000 	/System/Library/Frameworks/Accelerate.framework/Versions/A/Frameworks/vecLib.framework/Versions/A/vecLib
0x000000000a426000 	/System/Library/Frameworks/Accelerate.framework/Versions/A/Frameworks/vecLib.framework/Versions/A/libvDSP.dylib
0x000000000a426000 	/System/Library/Frameworks/Accelerate.framework/Versions/A/Frameworks/vecLib.framework/Versions/A/libvMisc.dylib
0x000000000a426000 	/System/Library/Frameworks/Accelerate.framework/Versions/A/Frameworks/vecLib.framework/Versions/A/libLAPACK.dylib
0x000000000a426000 	/System/Library/Frameworks/Accelerate.framework/Versions/A/Frameworks/vecLib.framework/Versions/A/libBLAS.dylib
0x000000000a426000 	/System/Library/Frameworks/ImageIO.framework/Versions/A/Resources/libJPEG.dylib
0x000000000a426000 	/System/Library/Frameworks/ImageIO.framework/Versions/A/Resources/libTIFF.dylib
0x000000000a426000 	/System/Library/Frameworks/ImageIO.framework/Versions/A/Resources/libPng.dylib
0x000000000a426000 	/System/Library/Frameworks/ImageIO.framework/Versions/A/Resources/libGIF.dylib
0x000000000a426000 	/System/Library/Frameworks/ImageIO.framework/Versions/A/Resources/libJP2.dylib
0x000000000a426000 	/System/Library/Frameworks/ImageIO.framework/Versions/A/Resources/libRadiance.dylib
0x000000000a426000 	/usr/lib/libcups.2.dylib
0x000000000a426000 	/System/Library/Frameworks/Kerberos.framework/Versions/A/Kerberos
0x000000000a426000 	/System/Library/Frameworks/GSS.framework/Versions/A/GSS
0x000000000a426000 	/usr/lib/libresolv.9.dylib
0x000000000a426000 	/usr/lib/libiconv.2.dylib
0x000000000a426000 	/System/Library/PrivateFrameworks/Heimdal.framework/Versions/A/Heimdal
0x000000000a426000 	/System/Library/PrivateFrameworks/TrustEvaluationAgent.framework/Versions/A/TrustEvaluationAgent
0x000000000a426000 	/System/Library/Frameworks/OpenDirectory.framework/Versions/A/OpenDirectory
0x000000000a426000 	/System/Library/PrivateFrameworks/CommonAuth.framework/Versions/A/CommonAuth
0x000000000a426000 	/System/Library/PrivateFrameworks/Bom.framework/Versions/A/Bom
0x000000000a426000 	/System/Library/Frameworks/CoreVideo.framework/Versions/A/CoreVideo
0x000000000a426000 	/System/Library/Frameworks/QuartzCore.framework/Versions/A/Frameworks/CoreImage.framework/Versions/A/CoreImage
0x000000000a426000 	/System/Library/Frameworks/QuartzCore.framework/Versions/A/Frameworks/ScalableUserInterface.framework/Versions/A/ScalableUserInterface
0x000000000a426000 	/System/Library/Frameworks/OpenGL.framework/Versions/A/Libraries/libGLU.dylib
0x000000000a426000 	/System/Library/Frameworks/OpenGL.framework/Versions/A/Libraries/libGFXShared.dylib
0x000000000a426000 	/System/Library/Frameworks/OpenGL.framework/Versions/A/Libraries/libGL.dylib
0x000000000a426000 	/System/Library/Frameworks/OpenGL.framework/Versions/A/Libraries/libGLImage.dylib
0x000000000a426000 	/System/Library/Frameworks/OpenGL.framework/Versions/A/Libraries/libCVMSPluginSupport.dylib
0x000000000a426000 	/System/Library/Frameworks/OpenGL.framework/Versions/A/Libraries/libCoreVMClient.dylib
0x000000000a426000 	/System/Library/PrivateFrameworks/CrashReporterSupport.framework/Versions/A/CrashReporterSupport
0x000000000a426000 	/System/Library/Frameworks/OpenCL.framework/Versions/A/OpenCL
0x000000000a426000 	/System/Library/PrivateFrameworks/FaceCoreLight.framework/Versions/A/FaceCoreLight
0x000000000a426000 	/System/Library/PrivateFrameworks/AppleFSCompression.framework/Versions/A/AppleFSCompression
0x000000000a426000 	/System/Library/PrivateFrameworks/Ubiquity.framework/Versions/A/Ubiquity
0x000000000a426000 	/System/Library/Frameworks/ServiceManagement.framework/Versions/A/ServiceManagement
0x000000000a426000 	/System/Library/PrivateFrameworks/ChunkingLibrary.framework/Versions/A/ChunkingLibrary
0x000000000a426000 	/System/Library/Frameworks/vecLib.framework/Versions/A/vecLib
0x000000000a426000 	/System/Library/Frameworks/SecurityFoundation.framework/Versions/A/SecurityFoundation
0x000000000a426000 	/System/Library/PrivateFrameworks/CommerceKit.framework/Versions/A/Frameworks/CommerceCore.framework/Versions/A/CommerceCore
0x000000000a426000 	/System/Library/PrivateFrameworks/CoreSymbolication.framework/Versions/A/CoreSymbolication
0x000000000a426000 	/System/Library/PrivateFrameworks/Symbolication.framework/Versions/A/Symbolication
0x000000000a426000 	/System/Library/PrivateFrameworks/DebugSymbols.framework/Versions/A/DebugSymbols
0x000000010c019000 	/Library/Java/JavaVirtualMachines/jdk1.7.0_67.jdk/Contents/Home/jre/lib/server/libjvm.dylib
0x000000010cb7b000 	/Library/Java/JavaVirtualMachines/jdk1.7.0_67.jdk/Contents/Home/jre/lib/libverify.dylib
0x000000010cb88000 	/Library/Java/JavaVirtualMachines/jdk1.7.0_67.jdk/Contents/Home/jre/lib/libjava.dylib
0x000000010cc45000 	/Library/Java/JavaVirtualMachines/jdk1.7.0_67.jdk/Contents/Home/jre/lib/libzip.dylib
0x00000001591dd000 	/System/Library/Frameworks/JavaVM.framework/Frameworks/JavaRuntimeSupport.framework/JavaRuntimeSupport
0x00000001591f5000 	/System/Library/Frameworks/JavaVM.framework/Versions/A/Frameworks/JavaNativeFoundation.framework/Versions/A/JavaNativeFoundation
0x000000015920a000 	/System/Library/Frameworks/JavaVM.framework/Versions/A/JavaVM
0x000000000a426000 	/System/Library/Frameworks/Carbon.framework/Versions/A/Carbon
0x0000000159217000 	/System/Library/PrivateFrameworks/JavaLaunching.framework/Versions/A/JavaLaunching
0x000000000a426000 	/System/Library/Frameworks/Carbon.framework/Versions/A/Frameworks/CommonPanels.framework/Versions/A/CommonPanels
0x000000000a426000 	/System/Library/Frameworks/Carbon.framework/Versions/A/Frameworks/Help.framework/Versions/A/Help
0x000000000a426000 	/System/Library/Frameworks/Carbon.framework/Versions/A/Frameworks/ImageCapture.framework/Versions/A/ImageCapture
0x000000000a426000 	/System/Library/Frameworks/Carbon.framework/Versions/A/Frameworks/OpenScripting.framework/Versions/A/OpenScripting
0x000000000a426000 	/System/Library/Frameworks/Carbon.framework/Versions/A/Frameworks/Print.framework/Versions/A/Print
0x000000000a426000 	/System/Library/Frameworks/Carbon.framework/Versions/A/Frameworks/SecurityHI.framework/Versions/A/SecurityHI
0x00000001598d1000 	/private/var/folders/xq/krgh0py14w13qdgfqf19s0jm0000gn/T/libgdxseanbroomfield/e4139f10/libgdx64.dylib
0x0000000159979000 	/Library/Java/JavaVirtualMachines/jdk1.7.0_67.jdk/Contents/Home/jre/lib/libawt.dylib
0x0000000159a28000 	/Library/Java/JavaVirtualMachines/jdk1.7.0_67.jdk/Contents/Home/jre/lib/./libmlib_image.dylib
0x0000000159af4000 	/Library/Java/JavaVirtualMachines/jdk1.7.0_67.jdk/Contents/Home/jre/lib/lwawt/liblwawt.dylib
0x0000000159ba8000 	/Library/Java/JavaVirtualMachines/jdk1.7.0_67.jdk/Contents/Home/jre/lib/libosxapp.dylib
0x0000000159bc4000 	/System/Library/Frameworks/ExceptionHandling.framework/Versions/A/ExceptionHandling
0x000000000a426000 	/System/Library/PrivateFrameworks/CoreServicesInternal.framework/Versions/A/CoreServicesInternal
0x000000000a426000 	/System/Library/PrivateFrameworks/Librarian.framework/Versions/A/Librarian
0x000000000a426000 	/System/Library/Frameworks/ApplicationServices.framework/Versions/A/Frameworks/CoreGraphics.framework/Versions/A/Resources/libCSync.A.dylib
0x000000000a426000 	/System/Library/Frameworks/ApplicationServices.framework/Versions/A/Frameworks/CoreGraphics.framework/Versions/A/Resources/libRIP.A.dylib
0x000000000a426000 	/System/Library/Frameworks/ApplicationServices.framework/Versions/A/Frameworks/CoreGraphics.framework/Versions/A/Resources/libCGXType.A.dylib
0x000000015d7a5000 	/Library/Java/JavaVirtualMachines/jdk1.7.0_67.jdk/Contents/Home/jre/lib/libfontmanager.dylib
0x000000015d80c000 	/private/var/folders/xq/krgh0py14w13qdgfqf19s0jm0000gn/T/libgdxseanbroomfield/45614fc1/liblwjgl.dylib
0x000000015b189000 	/Library/Java/JavaVirtualMachines/jdk1.7.0_67.jdk/Contents/Home/jre/lib/libjawt.dylib
0x000000015d88b000 	/var/folders/xq/krgh0py14w13qdgfqf19s0jm0000gn/T/libgdxseanbroomfield/45614fc1/openal.dylib
0x00000000ed8e7000 	/System/Library/Components/CoreAudio.component/Contents/MacOS/CoreAudio
0x000000015b1b5000 	/System/Library/Extensions/AppleHDA.kext/Contents/PlugIns/AppleHDAHALPlugIn.bundle/Contents/MacOS/AppleHDAHALPlugIn
0x000000015dc4b000 	/System/Library/Frameworks/OpenGL.framework/Resources/GLEngine.bundle/GLEngine
0x000000015de40000 	/System/Library/Frameworks/OpenGL.framework/Versions/A/Libraries/libGLProgrammability.dylib
0x000000015dfe8000 	/System/Library/Extensions/AppleIntelHD3000GraphicsGLDriver.bundle/Contents/MacOS/AppleIntelHD3000GraphicsGLDriver
0x000000015bf26000 	/System/Library/PrivateFrameworks/GPUSupport.framework/Versions/A/Libraries/libGPUSupport.dylib
0x000000015e4a2000 	/System/Library/Frameworks/OpenGL.framework/Resources//GLRendererFloat.bundle/GLRendererFloat
0x000000015bf3a000 	/System/Library/Frameworks/OpenCL.framework/Versions/A/Libraries/libcldcpuengine.dylib
0x000000000a426000 	/System/Library/PrivateFrameworks/DiskImages.framework/Versions/A/DiskImages
0x000000000a426000 	/System/Library/Frameworks/DiscRecording.framework/Versions/A/DiscRecording
0x000000000a426000 	/usr/lib/libcurl.4.dylib
0x000000000a426000 	/System/Library/PrivateFrameworks/MediaKit.framework/Versions/A/MediaKit
0x000000000a426000 	/usr/lib/libssl.0.9.8.dylib
0x000000000a426000 	/usr/lib/libcrypto.0.9.8.dylib
0x000000000a426000 	/System/Library/Frameworks/LDAP.framework/Versions/A/LDAP
0x000000000a426000 	/usr/lib/libsasl2.2.dylib
0x000000015e9d5000 	cl_kernels
0x000000015e9d7000 	/System/Library/Frameworks/OpenCL.framework/Versions/A/Libraries/ImageFormats/unorm8_bgra.dylib
0x000000015e9c9000 	cl_kernels

VM Arguments:
jvm_args: -Dfile.encoding=UTF-8 
java_command: edu.broomfield.lab3.desktop.JavaStroidsLauncher
Launcher Type: SUN_STANDARD

Environment Variables:
PATH=/usr/bin:/bin:/usr/sbin:/sbin
SHELL=/bin/bash

Signal Handlers:
SIGSEGV: [libjvm.dylib+0x52b6c9], sa_mask[0]=0xfffefeff, sa_flags=0x00000043
SIGBUS: [libjvm.dylib+0x52b6c9], sa_mask[0]=0xfffefeff, sa_flags=0x00000042
SIGFPE: [libjvm.dylib+0x41deaa], sa_mask[0]=0xfffefeff, sa_flags=0x00000042
SIGPIPE: [libjvm.dylib+0x41deaa], sa_mask[0]=0xfffefeff, sa_flags=0x00000042
SIGXFSZ: [libjvm.dylib+0x41deaa], sa_mask[0]=0xfffefeff, sa_flags=0x00000042
SIGILL: [libjvm.dylib+0x41deaa], sa_mask[0]=0xfffefeff, sa_flags=0x00000042
SIGUSR1: SIG_DFL, sa_mask[0]=0x00000000, sa_flags=0x00000002
SIGUSR2: [libjvm.dylib+0x41d99c], sa_mask[0]=0x00000004, sa_flags=0x00000042
SIGHUP: [libjvm.dylib+0x41bc2d], sa_mask[0]=0xfffefeff, sa_flags=0x00000042
SIGINT: [libjvm.dylib+0x41bc2d], sa_mask[0]=0xfffefeff, sa_flags=0x00000042
SIGTERM: [libjvm.dylib+0x41bc2d], sa_mask[0]=0xfffefeff, sa_flags=0x00000042
SIGQUIT: [libjvm.dylib+0x41bc2d], sa_mask[0]=0xfffefeff, sa_flags=0x00000042


---------------  S Y S T E M  ---------------

OS:Bsduname:Darwin 12.5.0 Darwin Kernel Version 12.5.0: Sun Sep 29 13:33:47 PDT 2013; root:xnu-2050.48.12~1/RELEASE_X86_64 x86_64
rlimit: STACK 8192k, CORE 0k, NPROC 709, NOFILE 10240, AS infinity
load average:1.77 1.84 1.75

CPU:total 4 (2 cores per cpu, 2 threads per core) family 6 model 42 stepping 7, cmov, cx8, fxsr, mmx, sse, sse2, sse3, ssse3, sse4.1, sse4.2, popcnt, avx, aes, ht, tsc, tscinvbit

Memory: 4k page, physical 4194304k(1048576k free)

/proc/meminfo:


vm_info: Java HotSpot(TM) 64-Bit Server VM (24.65-b04) for bsd-amd64 JRE (1.7.0_67-b01), built on Jul 25 2014 08:51:51 by "java_re" with gcc 4.2.1 (Based on Apple Inc. build 5658) (LLVM build 2336.11.00)

time: Sat Nov  8 20:07:45 2014
elapsed time: 10 seconds

